GeoQuiz/app/build/outputs/logs/manifest-merger-debug-report.txt
-- Merging decision tree log ---
manifest
ADDED from AndroidManifest.xml:2:1
	package
		ADDED from AndroidManifest.xml:3:5
		INJECTED from AndroidManifest.xml:0:0
		INJECTED from AndroidManifest.xml:0:0
	android:versionName
		INJECTED from AndroidManifest.xml:0:0
		INJECTED from AndroidManifest.xml:0:0
	xmlns:android
		ADDED from AndroidManifest.xml:2:11
	android:versionCode
		INJECTED from AndroidManifest.xml:0:0
		INJECTED from AndroidManifest.xml:0:0
application
ADDED from AndroidManifest.xml:5:5
MERGED from com.android.support:appcompat-v7:22.2.1:22:5
MERGED from com.android.support:support-v4:22.2.1:22:5
	android:label
		ADDED from AndroidManifest.xml:8:9
	android:supportsRtl
		ADDED from AndroidManifest.xml:9:9
	android:allowBackup
		ADDED from AndroidManifest.xml:6:9
	android:icon
		ADDED from AndroidManifest.xml:7:9
	android:theme
		ADDED from AndroidManifest.xml:10:9
activity#com.bignerdranch.android.geoquiz.QuizActivity
ADDED from AndroidManifest.xml:11:9
	android:label
		ADDED from AndroidManifest.xml:13:13
	android:name
		ADDED from AndroidManifest.xml:12:13
intent-filter#android.intent.action.MAIN+android.intent.category.LAUNCHER
ADDED from AndroidManifest.xml:14:13
action#android.intent.action.MAIN
ADDED from AndroidManifest.xml:15:17
	android:name
		ADDED from AndroidManifest.xml:15:25
category#android.intent.category.LAUNCHER
ADDED from AndroidManifest.xml:17:17
	android:name
		ADDED from AndroidManifest.xml:17:27
activity#com.bignerdranch.android.geoquiz.CheatActivity
ADDED from AndroidManifest.xml:20:9
	android:label
		ADDED from AndroidManifest.xml:22:13
	android:name
		ADDED from AndroidManifest.xml:21:13
uses-sdk
INJECTED from AndroidManifest.xml:0:0 reason: use-sdk injection requested
MERGED from com.android.support:appcompat-v7:22.2.1:20:5
MERGED from com.android.support:support-v4:22.2.1:20:5
	android:targetSdkVersion
		INJECTED from AndroidManifest.xml:0:0
		INJECTED from AndroidManifest.xml:0:0
	android:minSdkVersion
		INJECTED from AndroidManifest.xml:0:0
		INJECTED from AndroidManifest.xml:0:0